2023-04-02 22:29:01.880383 - Initialized conversion of CBT188
2023-04-02 22:29:02.096191 - Received CBT.V504.FILE188.PDS from FILE188.XMI 
2023-04-02 22:29:02.098813 - Found $$$#DATE.txt (text/plain) in CBT.V504.FILE188.PDS, moved to PDS/$$$#DATE
2023-04-02 22:29:02.099800 - Found $$$DOC.txt (text/plain) in CBT.V504.FILE188.PDS, moved to PDS/$$$DOC
2023-04-02 22:29:02.100998 - Found $$$TALK.txt (text/plain) in CBT.V504.FILE188.PDS, moved to PDS/$$$TALK
2023-04-02 22:29:02.102056 - Found @FILE188.txt (text/plain) in CBT.V504.FILE188.PDS, moved to PDS/@FILE188
2023-04-02 22:29:02.103032 - Found ASMJCL.jcl (text/plain) in CBT.V504.FILE188.PDS, moved to PDS/ASMJCL
2023-04-02 22:29:02.104245 - Found CBTSYM1.jcl (text/plain) in CBT.V504.FILE188.PDS, moved to PDS/CBTSYM1
2023-04-02 22:29:02.105257 - Found CBTSYM2.jcl (text/plain) in CBT.V504.FILE188.PDS, moved to PDS/CBTSYM2
2023-04-02 22:29:02.106307 - Found CBTSYM3.jcl (text/plain) in CBT.V504.FILE188.PDS, moved to PDS/CBTSYM3
2023-04-02 22:29:02.107377 - Found CBTSYM4.jcl (text/plain) in CBT.V504.FILE188.PDS, moved to PDS/CBTSYM4
2023-04-02 22:29:02.108555 - Found CBTSYM5.jcl (text/plain) in CBT.V504.FILE188.PDS, moved to PDS/CBTSYM5
2023-04-02 22:29:02.109654 - Found CBTSYM6.jcl (text/plain) in CBT.V504.FILE188.PDS, moved to PDS/CBTSYM6
2023-04-02 22:29:02.110829 - Found CBTUNLD.jcl (text/plain) in CBT.V504.FILE188.PDS, moved to PDS/CBTUNLD
2023-04-02 22:29:02.112124 - Found CBT973.txt (text/plain) in CBT.V504.FILE188.PDS, moved to PDS/CBT973
2023-04-02 22:29:02.113277 - Found CHUCKDOC.txt (text/plain) in CBT.V504.FILE188.PDS, moved to PDS/CHUCKDOC
2023-04-02 22:29:02.114472 - Found CHUCK1.txt (text/plain) in CBT.V504.FILE188.PDS, moved to PDS/CHUCK1
2023-04-02 22:29:02.115534 - Found CHUCK2.txt (text/plain) in CBT.V504.FILE188.PDS, moved to PDS/CHUCK2
2023-04-02 22:29:02.116580 - Found CHUCK3.txt (text/plain) in CBT.V504.FILE188.PDS, moved to PDS/CHUCK3
2023-04-02 22:29:02.117591 - Found COPYFI$$.jcl (text/plain) in CBT.V504.FILE188.PDS, moved to PDS/COPYFI$$
2023-04-02 22:29:02.118683 - Found COPYFIL$.txt (text/plain) in CBT.V504.FILE188.PDS, moved to PDS/COPYFIL$
2023-04-02 22:29:02.119668 - Found COPYFIL#.txt (text/plain) in CBT.V504.FILE188.PDS, moved to PDS/COPYFIL#
2023-04-02 22:29:02.120617 - Found COPYFILE.txt (text/plain) in CBT.V504.FILE188.PDS, moved to PDS/COPYFILE
2023-04-02 22:29:02.121565 - Found COPYMOD$.jcl (text/plain) in CBT.V504.FILE188.PDS, moved to PDS/COPYMOD$
2023-04-02 22:29:02.122532 - Found COPYMODS.txt (text/plain) in CBT.V504.FILE188.PDS, moved to PDS/COPYMODS
2023-04-02 22:29:02.123668 - Found DSCOPY.txt (text/plain) in CBT.V504.FILE188.PDS, moved to PDS/DSCOPY
2023-04-02 22:29:02.124720 - Found IGG019WD.txt (text/plain) in CBT.V504.FILE188.PDS, moved to PDS/IGG019WD
2023-04-02 22:29:02.125682 - Found IGG019WE.txt (text/plain) in CBT.V504.FILE188.PDS, moved to PDS/IGG019WE
2023-04-02 22:29:02.126581 - Found MAPTEST.txt (text/plain) in CBT.V504.FILE188.PDS, moved to PDS/MAPTEST
2023-04-02 22:29:02.127664 - Found MSGWRITE.txt (text/plain) in CBT.V504.FILE188.PDS, moved to PDS/MSGWRITE
2023-04-02 22:29:02.128637 - Found PDSLOAD.txt (text/plain) in CBT.V504.FILE188.PDS, moved to PDS/PDSLOAD
2023-04-02 22:29:02.129596 - Found PDSLOAD$.jcl (text/plain) in CBT.V504.FILE188.PDS, moved to PDS/PDSLOAD$
2023-04-02 22:29:02.130595 - Found REVIEW.txt (text/plain) in CBT.V504.FILE188.PDS, moved to PDS/REVIEW
2023-04-02 22:29:02.131706 - Found TAPEL.txt (text/plain) in CBT.V504.FILE188.PDS, moved to PDS/TAPEL
2023-04-02 22:29:02.132730 - Found TAPEL$.txt (text/plain) in CBT.V504.FILE188.PDS, moved to PDS/TAPEL$
2023-04-02 22:29:02.133841 - Found TAPEMAP.txt (text/plain) in CBT.V504.FILE188.PDS, moved to PDS/TAPEMAP
2023-04-02 22:29:02.134886 - Found TAPEMAPS.jcl (text/plain) in CBT.V504.FILE188.PDS, moved to PDS/TAPEMAPS
2023-04-02 22:29:02.135945 - Found TLPRINT.txt (text/plain) in CBT.V504.FILE188.PDS, moved to PDS/TLPRINT
2023-04-02 22:29:02.136939 - Found TLPRINT$.txt (text/plain) in CBT.V504.FILE188.PDS, moved to PDS/TLPRINT$
2023-04-02 22:29:02.138063 - Found VKILLER.txt (text/plain) in CBT.V504.FILE188.PDS, moved to PDS/VKILLER
